0 info it worked if it ends with ok
1 verbose cli [ 'node',
1 verbose cli   '/usr/local/bin/npm',
1 verbose cli   'install',
1 verbose cli   'gulp-sass',
1 verbose cli   '--save-dev' ]
2 info using npm@1.4.28
3 info using node@v0.10.33
4 verbose readDependencies using package.json deps
5 verbose cache add [ 'gulp-sass@^0.7.2', null ]
6 verbose cache add name=undefined spec="gulp-sass@^0.7.2" args=["gulp-sass@^0.7.2",null]
7 verbose parsed url { protocol: null,
7 verbose parsed url   slashes: null,
7 verbose parsed url   auth: null,
7 verbose parsed url   host: null,
7 verbose parsed url   port: null,
7 verbose parsed url   hostname: null,
7 verbose parsed url   hash: null,
7 verbose parsed url   search: null,
7 verbose parsed url   query: null,
7 verbose parsed url   pathname: 'gulp-sass@^0.7.2',
7 verbose parsed url   path: 'gulp-sass@^0.7.2',
7 verbose parsed url   href: 'gulp-sass@^0.7.2' }
8 verbose cache add name="gulp-sass" spec="^0.7.2" args=["gulp-sass","^0.7.2"]
9 verbose parsed url { protocol: null,
9 verbose parsed url   slashes: null,
9 verbose parsed url   auth: null,
9 verbose parsed url   host: null,
9 verbose parsed url   port: null,
9 verbose parsed url   hostname: null,
9 verbose parsed url   hash: null,
9 verbose parsed url   search: null,
9 verbose parsed url   query: null,
9 verbose parsed url   pathname: '^0.7.2',
9 verbose parsed url   path: '^0.7.2',
9 verbose parsed url   href: '^0.7.2' }
10 verbose addNamed [ 'gulp-sass', '^0.7.2' ]
11 verbose addNamed [ null, '>=0.7.2-0 <0.8.0-0' ]
12 silly lockFile 42063229-gulp-sass-0-7-2 gulp-sass@^0.7.2
13 verbose lock gulp-sass@^0.7.2 /Users/matmeiers/.npm/42063229-gulp-sass-0-7-2.lock
14 silly addNameRange { name: 'gulp-sass',
14 silly addNameRange   range: '>=0.7.2-0 <0.8.0-0',
14 silly addNameRange   hasData: false }
15 verbose request where is /gulp-sass
16 verbose request registry https://registry.npmjs.org/
17 verbose request id 994f39ffa50ceea5
18 verbose url raw /gulp-sass
19 verbose url resolving [ 'https://registry.npmjs.org/', './gulp-sass' ]
20 verbose url resolved https://registry.npmjs.org/gulp-sass
21 verbose request where is https://registry.npmjs.org/gulp-sass
22 info trying registry request attempt 1 at 15:17:11
23 verbose etag "92ZU1K2TWUC882UE1AEQC7X9J"
24 http GET https://registry.npmjs.org/gulp-sass
25 http 304 https://registry.npmjs.org/gulp-sass
26 silly registry.get cb [ 304,
26 silly registry.get   { date: 'Tue, 09 Jun 2015 20:17:09 GMT',
26 silly registry.get     via: '1.1 varnish',
26 silly registry.get     'cache-control': 'max-age=60',
26 silly registry.get     etag: '"92ZU1K2TWUC882UE1AEQC7X9J"',
26 silly registry.get     age: '0',
26 silly registry.get     connection: 'keep-alive',
26 silly registry.get     'x-served-by': 'cache-ord1727-ORD',
26 silly registry.get     'x-cache': 'HIT',
26 silly registry.get     'x-cache-hits': '1',
26 silly registry.get     'x-timer': 'S1433881029.484074,VS0,VE297',
26 silly registry.get     vary: 'Accept' } ]
27 verbose etag https://registry.npmjs.org/gulp-sass from cache
28 silly addNameRange number 2 { name: 'gulp-sass', range: '>=0.7.2-0 <0.8.0-0', hasData: true }
29 silly addNameRange versions [ 'gulp-sass',
29 silly addNameRange   [ '0.1.0',
29 silly addNameRange     '0.2.1',
29 silly addNameRange     '0.2.2',
29 silly addNameRange     '0.2.3',
29 silly addNameRange     '0.3.0',
29 silly addNameRange     '0.4.0',
29 silly addNameRange     '0.4.1',
29 silly addNameRange     '0.5.0',
29 silly addNameRange     '0.5.1',
29 silly addNameRange     '0.5.2',
29 silly addNameRange     '0.6.0',
29 silly addNameRange     '0.7.0',
29 silly addNameRange     '0.7.1',
29 silly addNameRange     '0.7.2',
29 silly addNameRange     '0.7.3',
29 silly addNameRange     '1.0.0',
29 silly addNameRange     '1.1.0',
29 silly addNameRange     '1.2.0',
29 silly addNameRange     '1.2.1',
29 silly addNameRange     '1.2.2',
29 silly addNameRange     '1.2.3',
29 silly addNameRange     '1.2.4',
29 silly addNameRange     '1.3.0',
29 silly addNameRange     '1.3.1',
29 silly addNameRange     '1.3.2',
29 silly addNameRange     '1.3.3',
29 silly addNameRange     '2.0.0-alpha.1',
29 silly addNameRange     '2.0.0',
29 silly addNameRange     '2.0.1' ] ]
30 verbose addNamed [ 'gulp-sass', '0.7.3' ]
31 verbose addNamed [ '0.7.3', '0.7.3' ]
32 silly lockFile 721f0c96-gulp-sass-0-7-3 gulp-sass@0.7.3
33 verbose lock gulp-sass@0.7.3 /Users/matmeiers/.npm/721f0c96-gulp-sass-0-7-3.lock
34 silly lockFile d66f14f4-rg-gulp-sass-gulp-sass-0-7-3-tgz https://registry.npmjs.org/gulp-sass/-/gulp-sass-0.7.3.tgz
35 verbose lock https://registry.npmjs.org/gulp-sass/-/gulp-sass-0.7.3.tgz /Users/matmeiers/.npm/d66f14f4-rg-gulp-sass-gulp-sass-0-7-3-tgz.lock
36 verbose addRemoteTarball [ 'https://registry.npmjs.org/gulp-sass/-/gulp-sass-0.7.3.tgz',
36 verbose addRemoteTarball   '4bfbb4e4d95a40be8beeebe07e8e477e7f7a2edc' ]
37 info retry fetch attempt 1 at 15:17:12
38 verbose fetch to= /var/folders/6r/gtpk2gfj5jd77g5q69f4tb500000gn/T/npm-14451-r3_ry5Xn/registry.npmjs.org/gulp-sass/-/gulp-sass-0.7.3.tgz
39 http GET https://registry.npmjs.org/gulp-sass/-/gulp-sass-0.7.3.tgz
40 http 200 https://registry.npmjs.org/gulp-sass/-/gulp-sass-0.7.3.tgz
41 silly lockFile d66f14f4-rg-gulp-sass-gulp-sass-0-7-3-tgz https://registry.npmjs.org/gulp-sass/-/gulp-sass-0.7.3.tgz
42 silly lockFile d66f14f4-rg-gulp-sass-gulp-sass-0-7-3-tgz https://registry.npmjs.org/gulp-sass/-/gulp-sass-0.7.3.tgz
43 silly lockFile 721f0c96-gulp-sass-0-7-3 gulp-sass@0.7.3
44 silly lockFile 721f0c96-gulp-sass-0-7-3 gulp-sass@0.7.3
45 silly lockFile 42063229-gulp-sass-0-7-2 gulp-sass@^0.7.2
46 silly lockFile 42063229-gulp-sass-0-7-2 gulp-sass@^0.7.2
47 error Error: EACCES, mkdir '/Users/matmeiers/.npm/gulp-sass/0.7.3'
47 error  { [Error: EACCES, mkdir '/Users/matmeiers/.npm/gulp-sass/0.7.3']
47 error   errno: 3,
47 error   code: 'EACCES',
47 error   path: '/Users/matmeiers/.npm/gulp-sass/0.7.3',
47 error   parent: 'rv-common-style' }
48 error Please try running this command again as root/Administrator.
49 error System Darwin 14.3.0
50 error command "node" "/usr/local/bin/npm" "install" "gulp-sass" "--save-dev"
51 error cwd /Users/matmeiers/Desktop/repos/common-style
52 error node -v v0.10.33
53 error npm -v 1.4.28
54 error path /Users/matmeiers/.npm/gulp-sass/0.7.3
55 error code EACCES
56 error errno 3
57 error stack Error: EACCES, mkdir '/Users/matmeiers/.npm/gulp-sass/0.7.3'
58 verbose exit [ 3, true ]
